{
  "stats": {
    "suites": 1,
    "tests": 5,
    "passes": 5,
    "pending": 0,
    "failures": 0,
    "start": "2018-08-13T21:05:13.032Z",
    "end": "2018-08-13T21:05:13.041Z",
    "duration": 9,
    "testsRegistered": 5,
    "passPercent": 100,
    "pendingPercent": 0,
    "other": 0,
    "hasOther": false,
    "skipped": 0,
    "hasSkipped": false,
    "passPercentClass": "success",
    "pendingPercentClass": "danger"
  },
  "suites": {
    "uuid": "4cea5d86-1919-41f5-8e37-b1049af4a2a6",
    "title": "",
    "fullFile": "",
    "file": "",
    "beforeHooks": [],
    "afterHooks": [],
    "tests": [],
    "suites": [
      {
        "uuid": "00ed4dc5-181b-4e6b-b604-21739ad677a9",
        "title": "askPolitely",
        "fullFile": "/Users/darylconcha/Desktop/codeHome/DockerAPI/testMe.js",
        "file": "/testMe.js",
        "beforeHooks": [],
        "afterHooks": [],
        "tests": [
          {
            "title": "askPolitely is a function",
            "fullTitle": "askPolitely askPolitely is a function",
            "timedOut": false,
            "duration": 2,
            "state": "passed",
            "speed": "fast",
            "pass": true,
            "fail": false,
            "pending": false,
            "code": "expect(askPolitely).to.be.a('function')",
            "err": {},
            "isRoot": false,
            "uuid": "c72d8476-4d36-4c72-b8ee-5eb4dba12b47",
            "isHook": false,
            "skipped": false
          },
          {
            "title": "lastDigit returns a string value",
            "fullTitle": "askPolitely lastDigit returns a string value",
            "timedOut": false,
            "duration": 0,
            "state": "passed",
            "speed": "fast",
            "pass": true,
            "fail": false,
            "pending": false,
            "code": "var returnValue = askPolitely('May I borrow your pencil please?'),\n  typeOf = typeof returnValue\nexpect(typeOf).to.be.a('string')",
            "err": {},
            "isRoot": false,
            "uuid": "0718905a-4883-47ba-9bb1-a5992f17757e",
            "isHook": false,
            "skipped": false
          },
          {
            "title": "if the string argument's last character is a '?', the last word should be please",
            "fullTitle": "askPolitely if the string argument's last character is a '?', the last word should be please",
            "timedOut": false,
            "duration": 0,
            "state": "passed",
            "speed": "fast",
            "pass": true,
            "fail": false,
            "pending": false,
            "code": "var returnValue = askPolitely('May I borrow your pencil?')\nlet lastWord = ''\nif (returnValue.slice(-1) === '?') {\n  lastWord = returnValue.slice(-7, -1)\n}\nexpect(lastWord).to.equal('please')",
            "err": {},
            "isRoot": false,
            "uuid": "d6fcf500-0dc7-4b7d-a31a-366c2bcf1128",
            "isHook": false,
            "skipped": false
          },
          {
            "title": "if the string argument's last character is a '?', and the last word is please, return the sentence without modifications",
            "fullTitle": "askPolitely if the string argument's last character is a '?', and the last word is please, return the sentence without modifications",
            "timedOut": false,
            "duration": 0,
            "state": "passed",
            "speed": "fast",
            "pass": true,
            "fail": false,
            "pending": false,
            "code": "let inputStr = 'May I borrow your pencil please?'\nlet returnValue = askPolitely(inputStr)\nexpect(inputStr).to.equal(returnValue)",
            "err": {},
            "isRoot": false,
            "uuid": "7b653dba-c683-43d4-b2eb-9f55421e909e",
            "isHook": false,
            "skipped": false
          },
          {
            "title": "if the last character is not a '?', do not modify the sentence",
            "fullTitle": "askPolitely if the last character is not a '?', do not modify the sentence",
            "timedOut": false,
            "duration": 0,
            "state": "passed",
            "speed": "fast",
            "pass": true,
            "fail": false,
            "pending": false,
            "code": "let inputStr = 'I have a pencil.'\nlet returnValue = askPolitely(inputStr)\nexpect(inputStr).to.equal(returnValue)",
            "err": {},
            "isRoot": false,
            "uuid": "42b7aa87-1ea1-4d30-9c1f-faa0ee2c2979",
            "isHook": false,
            "skipped": false
          }
        ],
        "suites": [],
        "passes": [
          "c72d8476-4d36-4c72-b8ee-5eb4dba12b47",
          "0718905a-4883-47ba-9bb1-a5992f17757e",
          "d6fcf500-0dc7-4b7d-a31a-366c2bcf1128",
          "7b653dba-c683-43d4-b2eb-9f55421e909e",
          "42b7aa87-1ea1-4d30-9c1f-faa0ee2c2979"
        ],
        "failures": [],
        "pending": [],
        "skipped": [],
        "duration": 2,
        "root": false,
        "rootEmpty": false,
        "_timeout": 2000
      }
    ],
    "passes": [],
    "failures": [],
    "pending": [],
    "skipped": [],
    "duration": 0,
    "root": true,
    "rootEmpty": true,
    "_timeout": 2000
  },
  "copyrightYear": 2018
}